08:58:57.587 INFO  [background-preinit] o.h.validator.internal.util.Version - HV000001: Hibernate Validator 6.2.5.Final
08:58:57.599 INFO  [restartedMain] mes.MesApplication - Starting MesApplication using Java 17.0.12 on DESKTOP-JT04F6D with PID 13536 (C:\Users\Act-PC-12\IdeaProjects\haccp\target\classes started by Act-PC-12 in C:\Users\Act-PC-12\IdeaProjects\haccp)
08:58:57.600 INFO  [restartedMain] mes.MesApplication - The following 1 profile is active: "local"
08:58:57.882 INFO  [restartedMain] o.s.b.d.e.DevToolsPropertyDefaultsPostProcessor - Devtools property defaults active! Set 'spring.devtools.add-properties' to 'false' to disable
08:58:57.882 INFO  [restartedMain] o.s.b.d.e.DevToolsPropertyDefaultsPostProcessor - For additional web related logging consider setting the 'logging.level.web' property to 'DEBUG'
08:59:05.276 INFO  [restartedMain] o.s.d.r.c.RepositoryConfigurationDelegate - Multiple Spring Data modules found, entering strict repository configuration mode
08:59:05.276 INFO  [restartedMain] o.s.d.r.c.RepositoryConfigurationDelegate - Bootstrapping Spring Data JPA repositories in DEFAULT mode.
08:59:05.714 INFO  [restartedMain] o.s.d.r.c.RepositoryConfigurationDelegate - Finished Spring Data repository scanning in 423 ms. Found 142 JPA repository interfaces.
08:59:07.091 INFO  [restartedMain] o.s.b.w.e.tomcat.TomcatWebServer - Tomcat initialized with port(s): 8030 (http)
08:59:07.107 INFO  [restartedMain] o.a.coyote.http11.Http11NioProtocol - Initializing ProtocolHandler ["http-nio-127.0.0.1-8030"]
08:59:07.107 INFO  [restartedMain] o.a.catalina.core.StandardService - Starting service [Tomcat]
08:59:07.107 INFO  [restartedMain] o.a.catalina.core.StandardEngine - Starting Servlet engine: [Apache Tomcat/9.0.64]
08:59:07.221 INFO  [restartedMain] o.a.c.c.C.[Tomcat].[localhost].[/] - Initializing Spring embedded WebApplicationContext
08:59:07.221 INFO  [restartedMain] o.s.b.w.s.c.ServletWebServerApplicationContext - Root WebApplicationContext: initialization completed in 9339 ms
08:59:07.348 INFO  [restartedMain] com.zaxxer.hikari.HikariDataSource - HikariPool-1 - Starting...
08:59:07.591 INFO  [restartedMain] com.zaxxer.hikari.HikariDataSource - HikariPool-1 - Start completed.
08:59:07.662 INFO  [restartedMain] o.h.jpa.internal.util.LogHelper - HHH000204: Processing PersistenceUnitInfo [name: default]
08:59:07.725 INFO  [restartedMain] org.hibernate.Version - HHH000412: Hibernate ORM core version 5.6.9.Final
08:59:07.923 INFO  [restartedMain] o.h.annotations.common.Version - HCANN000001: Hibernate Commons Annotations {5.1.2.Final}
08:59:08.655 INFO  [restartedMain] org.hibernate.dialect.Dialect - HHH000400: Using dialect: org.hibernate.dialect.PostgreSQLDialect
08:59:09.258 WARN  [restartedMain] org.hibernate.mapping.RootClass - HHH000038: Composite-id class does not override equals(): mes.domain.entity.approval.TB_AA009_PK
08:59:09.258 WARN  [restartedMain] org.hibernate.mapping.RootClass - HHH000039: Composite-id class does not override hashCode(): mes.domain.entity.approval.TB_AA009_PK
08:59:10.621 INFO  [restartedMain] o.h.e.t.j.p.i.JtaPlatformInitiator - HHH000490: Using JtaPlatform implementation: [org.hibernate.engine.transaction.jta.platform.internal.NoJtaPlatform]
08:59:10.636 INFO  [restartedMain] o.s.o.j.LocalContainerEntityManagerFactoryBean - Initialized JPA EntityManagerFactory for persistence unit 'default'
08:59:16.438 INFO  [restartedMain] o.s.b.a.w.s.WelcomePageHandlerMapping - Adding welcome page template: index
08:59:16.664 INFO  [restartedMain] o.s.s.web.DefaultSecurityFilterChain - Will secure any request with [org.springframework.security.web.session.DisableEncodeUrlFilter@350ca351, org.springframework.security.web.context.request.async.WebAsyncManagerIntegrationFilter@6cc47ac, org.springframework.security.web.context.SecurityContextPersistenceFilter@781f1ae9, org.springframework.security.web.header.HeaderWriterFilter@20ce8deb, org.springframework.security.web.csrf.CsrfFilter@7e8780b7, org.springframework.security.web.authentication.logout.LogoutFilter@17a39fe2, org.springframework.security.web.authentication.UsernamePasswordAuthenticationFilter@30960c52, org.springframework.security.web.savedrequest.RequestCacheAwareFilter@7a70ad2c, org.springframework.security.web.servletapi.SecurityContextHolderAwareRequestFilter@1a4f4fd9, org.springframework.security.web.authentication.AnonymousAuthenticationFilter@79b91ed3, org.springframework.security.web.session.SessionManagementFilter@4d5a0e72, org.springframework.security.web.access.ExceptionTranslationFilter@1f1897d4, org.springframework.security.web.access.intercept.FilterSecurityInterceptor@66c14746]
08:59:16.675 INFO  [restartedMain] o.s.s.web.DefaultSecurityFilterChain - Will secure Or [Ant [pattern='/resource/**'], Ant [pattern='/img/**'], Ant [pattern='/images/**'], Ant [pattern='/js/**'], Ant [pattern='/css/**'], Ant [pattern='/assets_mobile/css/**'], Ant [pattern='/font/**'], Ant [pattern='/robots.txt'], Ant [pattern='/favicon.ico'], Ant [pattern='/intro'], Ant [pattern='/error'], Ant [pattern='/alive'], Ant [pattern='/api/das_device']] with [org.springframework.security.web.context.request.async.WebAsyncManagerIntegrationFilter@2dfab72d, org.springframework.security.web.header.HeaderWriterFilter@556c2f33, org.springframework.security.web.csrf.CsrfFilter@5d66c051, org.springframework.security.web.authentication.logout.LogoutFilter@323dfcb3, org.springframework.security.web.servletapi.SecurityContextHolderAwareRequestFilter@2011c0b4, org.springframework.security.web.authentication.AnonymousAuthenticationFilter@2da47e40, org.springframework.security.web.access.ExceptionTranslationFilter@3ae9ba2d, org.springframework.security.web.access.intercept.AuthorizationFilter@153aec4d]
08:59:17.155 INFO  [restartedMain] o.s.b.d.a.OptionalLiveReloadServer - LiveReload server is running on port 35729
08:59:17.209 INFO  [restartedMain] o.a.coyote.http11.Http11NioProtocol - Starting ProtocolHandler ["http-nio-127.0.0.1-8030"]
08:59:17.235 INFO  [restartedMain] o.s.b.w.e.tomcat.TomcatWebServer - Tomcat started on port(s): 8030 (http) with context path ''
08:59:17.250 INFO  [restartedMain] o.s.s.a.ScheduledAnnotationBeanPostProcessor - No TaskScheduler/ScheduledExecutorService bean found for scheduled processing
08:59:17.250 INFO  [restartedMain] mes.MesApplication - Started MesApplication in 20.157 seconds (JVM running for 27.002)
08:59:59.501 INFO  [http-nio-127.0.0.1-8030-exec-2] o.a.c.c.C.[Tomcat].[localhost].[/] - Initializing Spring DispatcherServlet 'dispatcherServlet'
08:59:59.502 INFO  [http-nio-127.0.0.1-8030-exec-2] o.s.web.servlet.DispatcherServlet - Initializing Servlet 'dispatcherServlet'
08:59:59.504 INFO  [http-nio-127.0.0.1-8030-exec-2] o.s.web.servlet.DispatcherServlet - Completed initialization in 2 ms
09:05:00.018 INFO  [pool-2-thread-1] m.app.Scheduler.ScheduledTaskRunner - [스케줄러 시작] 계좌수집 작업 시작 - Thread: pool-2-thread-1
09:05:00.032 INFO  [scheduler1] m.a.S.S.AccountSyncService - [계좌수집] 시작 - Thread: scheduler1
09:05:00.032 INFO  [scheduler1] mes.Encryption.EncryptionKeyProvider - AES Key 파일 처음 로딩합니다...
09:05:00.032 INFO  [scheduler1] mes.Encryption.EncryptionKeyProvider - AES Key 파일 처음 로딩합니다...
09:05:00.032 INFO  [scheduler1] mes.Encryption.EncryptionKeyProvider - AES Key 파일 처음 로딩합니다...
09:05:00.032 INFO  [scheduler1] m.a.S.S.AccountSyncService - 총 계좌 수집 소요 시간 : 0
10:00:08.257 WARN  [http-nio-127.0.0.1-8030-exec-3] o.s.w.s.m.s.DefaultHandlerExceptionResolver - Async request timed out
10:00:08.258 WARN  [http-nio-127.0.0.1-8030-exec-3] o.s.w.s.m.s.DefaultHandlerExceptionResolver - Resolved [org.springframework.web.context.request.async.AsyncRequestTimeoutException]
10:05:00.015 INFO  [pool-2-thread-1] m.app.Scheduler.ScheduledTaskRunner - [스케줄러 시작] 계좌수집 작업 시작 - Thread: pool-2-thread-1
10:05:00.015 INFO  [scheduler2] m.a.S.S.AccountSyncService - [계좌수집] 시작 - Thread: scheduler2
10:05:00.027 INFO  [scheduler2] mes.Encryption.EncryptionKeyProvider - AES Key 파일 처음 로딩합니다...
10:05:00.027 INFO  [scheduler2] mes.Encryption.EncryptionKeyProvider - AES Key 파일 처음 로딩합니다...
10:05:00.027 INFO  [scheduler2] mes.Encryption.EncryptionKeyProvider - AES Key 파일 처음 로딩합니다...
10:05:00.027 INFO  [scheduler2] m.a.S.S.AccountSyncService - 총 계좌 수집 소요 시간 : 0
10:07:28.376 INFO  [SpringApplicationShutdownHook] o.s.o.j.LocalContainerEntityManagerFactoryBean - Closing JPA EntityManagerFactory for persistence unit 'default'
10:07:28.376 INFO  [SpringApplicationShutdownHook] com.zaxxer.hikari.HikariDataSource - HikariPool-1 - Shutdown initiated...
10:07:28.376 INFO  [SpringApplicationShutdownHook] com.zaxxer.hikari.HikariDataSource - HikariPool-1 - Shutdown completed.
10:07:38.760 INFO  [background-preinit] o.h.validator.internal.util.Version - HV000001: Hibernate Validator 6.2.5.Final
10:07:38.764 INFO  [restartedMain] mes.MesApplication - Starting MesApplication using Java 17.0.12 on DESKTOP-JT04F6D with PID 30656 (C:\Users\Act-PC-12\IdeaProjects\haccp\target\classes started by Act-PC-12 in C:\Users\Act-PC-12\IdeaProjects\haccp)
10:07:38.765 INFO  [restartedMain] mes.MesApplication - The following 1 profile is active: "local"
10:07:38.996 INFO  [restartedMain] o.s.b.d.e.DevToolsPropertyDefaultsPostProcessor - Devtools property defaults active! Set 'spring.devtools.add-properties' to 'false' to disable
10:07:38.996 INFO  [restartedMain] o.s.b.d.e.DevToolsPropertyDefaultsPostProcessor - For additional web related logging consider setting the 'logging.level.web' property to 'DEBUG'
10:07:44.680 INFO  [restartedMain] o.s.d.r.c.RepositoryConfigurationDelegate - Multiple Spring Data modules found, entering strict repository configuration mode
10:07:44.680 INFO  [restartedMain] o.s.d.r.c.RepositoryConfigurationDelegate - Bootstrapping Spring Data JPA repositories in DEFAULT mode.
10:07:45.167 INFO  [restartedMain] o.s.d.r.c.RepositoryConfigurationDelegate - Finished Spring Data repository scanning in 478 ms. Found 142 JPA repository interfaces.
10:07:46.709 INFO  [restartedMain] o.s.b.w.e.tomcat.TomcatWebServer - Tomcat initialized with port(s): 8030 (http)
10:07:46.719 INFO  [restartedMain] o.a.coyote.http11.Http11NioProtocol - Initializing ProtocolHandler ["http-nio-127.0.0.1-8030"]
10:07:46.720 INFO  [restartedMain] o.a.catalina.core.StandardService - Starting service [Tomcat]
10:07:46.720 INFO  [restartedMain] o.a.catalina.core.StandardEngine - Starting Servlet engine: [Apache Tomcat/9.0.64]
10:07:46.830 INFO  [restartedMain] o.a.c.c.C.[Tomcat].[localhost].[/] - Initializing Spring embedded WebApplicationContext
10:07:46.830 INFO  [restartedMain] o.s.b.w.s.c.ServletWebServerApplicationContext - Root WebApplicationContext: initialization completed in 7833 ms
10:07:46.962 INFO  [restartedMain] com.zaxxer.hikari.HikariDataSource - HikariPool-1 - Starting...
10:07:47.188 INFO  [restartedMain] com.zaxxer.hikari.HikariDataSource - HikariPool-1 - Start completed.
10:07:47.274 INFO  [restartedMain] o.h.jpa.internal.util.LogHelper - HHH000204: Processing PersistenceUnitInfo [name: default]
10:07:47.330 INFO  [restartedMain] org.hibernate.Version - HHH000412: Hibernate ORM core version 5.6.9.Final
10:07:47.498 INFO  [restartedMain] o.h.annotations.common.Version - HCANN000001: Hibernate Commons Annotations {5.1.2.Final}
10:07:48.124 INFO  [restartedMain] org.hibernate.dialect.Dialect - HHH000400: Using dialect: org.hibernate.dialect.PostgreSQLDialect
10:07:48.727 WARN  [restartedMain] org.hibernate.mapping.RootClass - HHH000038: Composite-id class does not override equals(): mes.domain.entity.approval.TB_AA009_PK
10:07:48.727 WARN  [restartedMain] org.hibernate.mapping.RootClass - HHH000039: Composite-id class does not override hashCode(): mes.domain.entity.approval.TB_AA009_PK
10:07:50.152 INFO  [restartedMain] o.h.e.t.j.p.i.JtaPlatformInitiator - HHH000490: Using JtaPlatform implementation: [org.hibernate.engine.transaction.jta.platform.internal.NoJtaPlatform]
10:07:50.161 INFO  [restartedMain] o.s.o.j.LocalContainerEntityManagerFactoryBean - Initialized JPA EntityManagerFactory for persistence unit 'default'
10:07:56.097 INFO  [restartedMain] o.s.b.a.w.s.WelcomePageHandlerMapping - Adding welcome page template: index
10:07:56.345 INFO  [restartedMain] o.s.s.web.DefaultSecurityFilterChain - Will secure any request with [org.springframework.security.web.session.DisableEncodeUrlFilter@2ec57d09, org.springframework.security.web.context.request.async.WebAsyncManagerIntegrationFilter@77207f38, org.springframework.security.web.context.SecurityContextPersistenceFilter@522019a1, org.springframework.security.web.header.HeaderWriterFilter@6d665f62, org.springframework.security.web.csrf.CsrfFilter@433ed235, org.springframework.security.web.authentication.logout.LogoutFilter@1e3b7951, org.springframework.security.web.authentication.UsernamePasswordAuthenticationFilter@20cb0c13, org.springframework.security.web.savedrequest.RequestCacheAwareFilter@425ff48f, org.springframework.security.web.servletapi.SecurityContextHolderAwareRequestFilter@4e5fce9e, org.springframework.security.web.authentication.AnonymousAuthenticationFilter@638dd1f5, org.springframework.security.web.session.SessionManagementFilter@64562931, org.springframework.security.web.access.ExceptionTranslationFilter@4149cf17, org.springframework.security.web.access.intercept.FilterSecurityInterceptor@2c3cbabf]
10:07:56.355 INFO  [restartedMain] o.s.s.web.DefaultSecurityFilterChain - Will secure Or [Ant [pattern='/resource/**'], Ant [pattern='/img/**'], Ant [pattern='/images/**'], Ant [pattern='/js/**'], Ant [pattern='/css/**'], Ant [pattern='/assets_mobile/css/**'], Ant [pattern='/font/**'], Ant [pattern='/robots.txt'], Ant [pattern='/favicon.ico'], Ant [pattern='/intro'], Ant [pattern='/error'], Ant [pattern='/alive'], Ant [pattern='/api/das_device']] with [org.springframework.security.web.context.request.async.WebAsyncManagerIntegrationFilter@62fbd78b, org.springframework.security.web.header.HeaderWriterFilter@405f39ba, org.springframework.security.web.csrf.CsrfFilter@711a2ee1, org.springframework.security.web.authentication.logout.LogoutFilter@5ae1b560, org.springframework.security.web.servletapi.SecurityContextHolderAwareRequestFilter@105d15fc, org.springframework.security.web.authentication.AnonymousAuthenticationFilter@64183779, org.springframework.security.web.access.ExceptionTranslationFilter@4578dac6, org.springframework.security.web.access.intercept.AuthorizationFilter@73cf4f78]
10:07:56.859 INFO  [restartedMain] o.s.b.d.a.OptionalLiveReloadServer - LiveReload server is running on port 35729
10:07:56.919 INFO  [restartedMain] o.a.coyote.http11.Http11NioProtocol - Starting ProtocolHandler ["http-nio-127.0.0.1-8030"]
10:07:56.958 INFO  [restartedMain] o.s.b.w.e.tomcat.TomcatWebServer - Tomcat started on port(s): 8030 (http) with context path ''
10:07:56.967 INFO  [restartedMain] o.s.s.a.ScheduledAnnotationBeanPostProcessor - No TaskScheduler/ScheduledExecutorService bean found for scheduled processing
10:07:56.970 INFO  [restartedMain] mes.MesApplication - Started MesApplication in 18.663 seconds (JVM running for 19.941)
10:08:40.220 INFO  [http-nio-127.0.0.1-8030-exec-4] o.a.c.c.C.[Tomcat].[localhost].[/] - Initializing Spring DispatcherServlet 'dispatcherServlet'
10:08:40.220 INFO  [http-nio-127.0.0.1-8030-exec-4] o.s.web.servlet.DispatcherServlet - Initializing Servlet 'dispatcherServlet'
10:08:40.223 INFO  [http-nio-127.0.0.1-8030-exec-4] o.s.web.servlet.DispatcherServlet - Completed initialization in 3 ms
