09:39:09.331 INFO  [background-preinit] o.h.validator.internal.util.Version - HV000001: Hibernate Validator 6.2.5.Final
09:39:09.332 INFO  [restartedMain] mes.MesApplication - Starting MesApplication using Java 17.0.12 on DESKTOP-JT04F6D with PID 2436 (C:\Users\Act-PC-12\IdeaProjects\haccp\target\classes started by Act-PC-12 in C:\Users\Act-PC-12\IdeaProjects\haccp)
09:39:09.335 INFO  [restartedMain] mes.MesApplication - The following 1 profile is active: "local"
09:39:09.602 INFO  [restartedMain] o.s.b.d.e.DevToolsPropertyDefaultsPostProcessor - Devtools property defaults active! Set 'spring.devtools.add-properties' to 'false' to disable
09:39:09.602 INFO  [restartedMain] o.s.b.d.e.DevToolsPropertyDefaultsPostProcessor - For additional web related logging consider setting the 'logging.level.web' property to 'DEBUG'
09:39:16.561 INFO  [restartedMain] o.s.d.r.c.RepositoryConfigurationDelegate - Multiple Spring Data modules found, entering strict repository configuration mode
09:39:16.562 INFO  [restartedMain] o.s.d.r.c.RepositoryConfigurationDelegate - Bootstrapping Spring Data JPA repositories in DEFAULT mode.
09:39:17.406 INFO  [restartedMain] o.s.d.r.c.RepositoryConfigurationDelegate - Finished Spring Data repository scanning in 834 ms. Found 142 JPA repository interfaces.
09:39:19.221 INFO  [restartedMain] o.s.b.w.e.tomcat.TomcatWebServer - Tomcat initialized with port(s): 8030 (http)
09:39:19.233 INFO  [restartedMain] o.a.coyote.http11.Http11NioProtocol - Initializing ProtocolHandler ["http-nio-127.0.0.1-8030"]
09:39:19.233 INFO  [restartedMain] o.a.catalina.core.StandardService - Starting service [Tomcat]
09:39:19.233 INFO  [restartedMain] o.a.catalina.core.StandardEngine - Starting Servlet engine: [Apache Tomcat/9.0.64]
09:39:19.348 INFO  [restartedMain] o.a.c.c.C.[Tomcat].[localhost].[/] - Initializing Spring embedded WebApplicationContext
09:39:19.349 INFO  [restartedMain] o.s.b.w.s.c.ServletWebServerApplicationContext - Root WebApplicationContext: initialization completed in 9746 ms
09:39:19.502 INFO  [restartedMain] com.zaxxer.hikari.HikariDataSource - HikariPool-1 - Starting...
09:39:19.776 INFO  [restartedMain] com.zaxxer.hikari.HikariDataSource - HikariPool-1 - Start completed.
09:39:19.858 INFO  [restartedMain] o.h.jpa.internal.util.LogHelper - HHH000204: Processing PersistenceUnitInfo [name: default]
09:39:19.924 INFO  [restartedMain] org.hibernate.Version - HHH000412: Hibernate ORM core version 5.6.9.Final
09:39:20.124 INFO  [restartedMain] o.h.annotations.common.Version - HCANN000001: Hibernate Commons Annotations {5.1.2.Final}
09:39:21.009 INFO  [restartedMain] org.hibernate.dialect.Dialect - HHH000400: Using dialect: org.hibernate.dialect.PostgreSQLDialect
09:39:21.798 WARN  [restartedMain] org.hibernate.mapping.RootClass - HHH000038: Composite-id class does not override equals(): mes.domain.entity.approval.TB_AA009_PK
09:39:21.799 WARN  [restartedMain] org.hibernate.mapping.RootClass - HHH000039: Composite-id class does not override hashCode(): mes.domain.entity.approval.TB_AA009_PK
09:39:23.594 INFO  [restartedMain] o.h.e.t.j.p.i.JtaPlatformInitiator - HHH000490: Using JtaPlatform implementation: [org.hibernate.engine.transaction.jta.platform.internal.NoJtaPlatform]
09:39:23.604 INFO  [restartedMain] o.s.o.j.LocalContainerEntityManagerFactoryBean - Initialized JPA EntityManagerFactory for persistence unit 'default'
09:39:30.479 INFO  [restartedMain] o.s.b.a.w.s.WelcomePageHandlerMapping - Adding welcome page template: index
09:39:30.794 INFO  [restartedMain] o.s.s.web.DefaultSecurityFilterChain - Will secure any request with [org.springframework.security.web.session.DisableEncodeUrlFilter@7a146be1, org.springframework.security.web.context.request.async.WebAsyncManagerIntegrationFilter@3f62b63c, org.springframework.security.web.context.SecurityContextPersistenceFilter@6e54a542, org.springframework.security.web.header.HeaderWriterFilter@20f5ded, org.springframework.security.web.csrf.CsrfFilter@133df312, org.springframework.security.web.authentication.logout.LogoutFilter@25fa5db7, org.springframework.security.web.authentication.UsernamePasswordAuthenticationFilter@6a12ad03, org.springframework.security.web.savedrequest.RequestCacheAwareFilter@3fd6e079, org.springframework.security.web.servletapi.SecurityContextHolderAwareRequestFilter@348ed049, org.springframework.security.web.authentication.AnonymousAuthenticationFilter@210fb882, org.springframework.security.web.session.SessionManagementFilter@22a8cb38, org.springframework.security.web.access.ExceptionTranslationFilter@543d92e1, org.springframework.security.web.access.intercept.FilterSecurityInterceptor@32659a9e]
09:39:30.809 INFO  [restartedMain] o.s.s.web.DefaultSecurityFilterChain - Will secure Or [Ant [pattern='/resource/**'], Ant [pattern='/img/**'], Ant [pattern='/images/**'], Ant [pattern='/js/**'], Ant [pattern='/css/**'], Ant [pattern='/assets_mobile/css/**'], Ant [pattern='/font/**'], Ant [pattern='/robots.txt'], Ant [pattern='/favicon.ico'], Ant [pattern='/intro'], Ant [pattern='/error'], Ant [pattern='/alive'], Ant [pattern='/api/das_device']] with [org.springframework.security.web.context.request.async.WebAsyncManagerIntegrationFilter@283deaba, org.springframework.security.web.header.HeaderWriterFilter@69bcc4fd, org.springframework.security.web.csrf.CsrfFilter@36a4b668, org.springframework.security.web.authentication.logout.LogoutFilter@7382935c, org.springframework.security.web.servletapi.SecurityContextHolderAwareRequestFilter@47194eff, org.springframework.security.web.authentication.AnonymousAuthenticationFilter@6bd73352, org.springframework.security.web.access.ExceptionTranslationFilter@346f3a3d, org.springframework.security.web.access.intercept.AuthorizationFilter@4648fb25]
09:39:31.439 INFO  [restartedMain] o.s.b.d.a.OptionalLiveReloadServer - LiveReload server is running on port 35729
09:39:31.505 INFO  [restartedMain] o.a.coyote.http11.Http11NioProtocol - Starting ProtocolHandler ["http-nio-127.0.0.1-8030"]
09:39:31.528 INFO  [restartedMain] o.s.b.w.e.tomcat.TomcatWebServer - Tomcat started on port(s): 8030 (http) with context path ''
09:39:31.539 INFO  [restartedMain] o.s.s.a.ScheduledAnnotationBeanPostProcessor - No TaskScheduler/ScheduledExecutorService bean found for scheduled processing
09:39:31.555 INFO  [restartedMain] mes.MesApplication - Started MesApplication in 22.747 seconds (JVM running for 23.863)
09:39:36.366 INFO  [http-nio-127.0.0.1-8030-exec-2] o.a.c.c.C.[Tomcat].[localhost].[/] - Initializing Spring DispatcherServlet 'dispatcherServlet'
09:39:36.366 INFO  [http-nio-127.0.0.1-8030-exec-2] o.s.web.servlet.DispatcherServlet - Initializing Servlet 'dispatcherServlet'
09:39:36.369 INFO  [http-nio-127.0.0.1-8030-exec-2] o.s.web.servlet.DispatcherServlet - Completed initialization in 3 ms
10:04:59.875 INFO  [pool-2-thread-1] m.app.Scheduler.ScheduledTaskRunner - [스케줄러 시작] 계좌수집 작업 시작 - Thread: pool-2-thread-1
10:04:59.876 INFO  [scheduler1] m.a.S.S.AccountSyncService - [계좌수집] 시작 - Thread: scheduler1
10:04:59.891 INFO  [scheduler1] mes.Encryption.EncryptionKeyProvider - AES Key 파일 처음 로딩합니다...
10:04:59.893 INFO  [scheduler1] mes.Encryption.EncryptionKeyProvider - AES Key 파일 처음 로딩합니다...
10:04:59.894 INFO  [scheduler1] mes.Encryption.EncryptionKeyProvider - AES Key 파일 처음 로딩합니다...
10:04:59.894 INFO  [scheduler1] m.a.S.S.AccountSyncService - 총 계좌 수집 소요 시간 : 0
10:39:50.320 WARN  [http-nio-127.0.0.1-8030-exec-3] o.s.w.s.m.s.DefaultHandlerExceptionResolver - Async request timed out
10:39:50.320 WARN  [http-nio-127.0.0.1-8030-exec-3] o.s.w.s.m.s.DefaultHandlerExceptionResolver - Resolved [org.springframework.web.context.request.async.AsyncRequestTimeoutException]
11:04:59.871 INFO  [pool-2-thread-1] m.app.Scheduler.ScheduledTaskRunner - [스케줄러 시작] 계좌수집 작업 시작 - Thread: pool-2-thread-1
11:04:59.871 INFO  [scheduler2] m.a.S.S.AccountSyncService - [계좌수집] 시작 - Thread: scheduler2
11:04:59.888 INFO  [scheduler2] mes.Encryption.EncryptionKeyProvider - AES Key 파일 처음 로딩합니다...
11:04:59.890 INFO  [scheduler2] mes.Encryption.EncryptionKeyProvider - AES Key 파일 처음 로딩합니다...
11:04:59.890 INFO  [scheduler2] mes.Encryption.EncryptionKeyProvider - AES Key 파일 처음 로딩합니다...
11:04:59.890 INFO  [scheduler2] m.a.S.S.AccountSyncService - 총 계좌 수집 소요 시간 : 0
11:21:11.402 INFO  [http-nio-127.0.0.1-8030-exec-6] m.a.P.PaymentDetailController - 결재 내역 read 들어온 데이터:startDate2025-05-01, endDate2025-05-31, spjangcd ZZ, SearchPayment all ,searchUserNm  
11:27:23.243 WARN  [http-nio-127.0.0.1-8030-exec-2] o.s.w.s.m.s.DefaultHandlerExceptionResolver - Async request timed out
11:27:23.243 WARN  [http-nio-127.0.0.1-8030-exec-2] o.s.w.s.m.s.DefaultHandlerExceptionResolver - Resolved [org.springframework.web.context.request.async.AsyncRequestTimeoutException]
11:39:55.241 WARN  [http-nio-127.0.0.1-8030-exec-6] o.s.w.s.m.s.DefaultHandlerExceptionResolver - Async request timed out
11:39:55.241 WARN  [http-nio-127.0.0.1-8030-exec-6] o.s.w.s.m.s.DefaultHandlerExceptionResolver - Resolved [org.springframework.web.context.request.async.AsyncRequestTimeoutException]
12:04:59.965 INFO  [pool-2-thread-1] m.app.Scheduler.ScheduledTaskRunner - [스케줄러 시작] 계좌수집 작업 시작 - Thread: pool-2-thread-1
12:04:59.965 INFO  [scheduler1] m.a.S.S.AccountSyncService - [계좌수집] 시작 - Thread: scheduler1
12:04:59.983 INFO  [scheduler1] mes.Encryption.EncryptionKeyProvider - AES Key 파일 처음 로딩합니다...
12:04:59.984 INFO  [scheduler1] mes.Encryption.EncryptionKeyProvider - AES Key 파일 처음 로딩합니다...
12:04:59.984 INFO  [scheduler1] mes.Encryption.EncryptionKeyProvider - AES Key 파일 처음 로딩합니다...
12:04:59.985 INFO  [scheduler1] m.a.S.S.AccountSyncService - 총 계좌 수집 소요 시간 : 0
12:20:33.211 WARN  [http-nio-127.0.0.1-8030-exec-5] o.s.w.s.m.s.DefaultHandlerExceptionResolver - Async request timed out
12:20:33.211 WARN  [http-nio-127.0.0.1-8030-exec-5] o.s.w.s.m.s.DefaultHandlerExceptionResolver - Resolved [org.springframework.web.context.request.async.AsyncRequestTimeoutException]
12:20:50.217 WARN  [http-nio-127.0.0.1-8030-exec-7] o.s.w.s.m.s.DefaultHandlerExceptionResolver - Async request timed out
12:20:50.217 WARN  [http-nio-127.0.0.1-8030-exec-7] o.s.w.s.m.s.DefaultHandlerExceptionResolver - Resolved [org.springframework.web.context.request.async.AsyncRequestTimeoutException]
13:05:00.003 INFO  [pool-2-thread-1] m.app.Scheduler.ScheduledTaskRunner - [스케줄러 시작] 계좌수집 작업 시작 - Thread: pool-2-thread-1
13:05:00.003 INFO  [scheduler2] m.a.S.S.AccountSyncService - [계좌수집] 시작 - Thread: scheduler2
13:05:00.020 INFO  [scheduler2] mes.Encryption.EncryptionKeyProvider - AES Key 파일 처음 로딩합니다...
13:05:00.020 INFO  [scheduler2] mes.Encryption.EncryptionKeyProvider - AES Key 파일 처음 로딩합니다...
13:05:00.021 INFO  [scheduler2] mes.Encryption.EncryptionKeyProvider - AES Key 파일 처음 로딩합니다...
13:05:00.021 INFO  [scheduler2] m.a.S.S.AccountSyncService - 총 계좌 수집 소요 시간 : 0
13:28:22.956 WARN  [HikariPool-1 housekeeper] com.zaxxer.hikari.pool.HikariPool - HikariPool-1 - Thread starvation or clock leap detected (housekeeper delta=13m22ms903µs200ns).
13:28:22.987 WARN  [http-nio-127.0.0.1-8030-exec-9] o.s.w.s.m.s.DefaultHandlerExceptionResolver - Async request timed out
13:28:22.987 WARN  [http-nio-127.0.0.1-8030-exec-9] o.s.w.s.m.s.DefaultHandlerExceptionResolver - Resolved [org.springframework.web.context.request.async.AsyncRequestTimeoutException]
13:28:24.248 INFO  [SpringApplicationShutdownHook] o.s.o.j.LocalContainerEntityManagerFactoryBean - Closing JPA EntityManagerFactory for persistence unit 'default'
13:28:24.249 INFO  [SpringApplicationShutdownHook] com.zaxxer.hikari.HikariDataSource - HikariPool-1 - Shutdown initiated...
13:28:24.251 INFO  [SpringApplicationShutdownHook] com.zaxxer.hikari.HikariDataSource - HikariPool-1 - Shutdown completed.
13:28:28.255 INFO  [background-preinit] o.h.validator.internal.util.Version - HV000001: Hibernate Validator 6.2.5.Final
13:28:28.266 INFO  [restartedMain] mes.MesApplication - Starting MesApplication using Java 17.0.12 on DESKTOP-JT04F6D with PID 22036 (C:\Users\Act-PC-12\IdeaProjects\haccp\target\classes started by Act-PC-12 in C:\Users\Act-PC-12\IdeaProjects\haccp)
13:28:28.267 INFO  [restartedMain] mes.MesApplication - The following 1 profile is active: "local"
13:28:28.594 INFO  [restartedMain] o.s.b.d.e.DevToolsPropertyDefaultsPostProcessor - Devtools property defaults active! Set 'spring.devtools.add-properties' to 'false' to disable
13:28:28.594 INFO  [restartedMain] o.s.b.d.e.DevToolsPropertyDefaultsPostProcessor - For additional web related logging consider setting the 'logging.level.web' property to 'DEBUG'
13:28:29.892 INFO  [restartedMain] o.s.d.r.c.RepositoryConfigurationDelegate - Multiple Spring Data modules found, entering strict repository configuration mode
13:28:29.893 INFO  [restartedMain] o.s.d.r.c.RepositoryConfigurationDelegate - Bootstrapping Spring Data JPA repositories in DEFAULT mode.
13:28:30.544 INFO  [restartedMain] o.s.d.r.c.RepositoryConfigurationDelegate - Finished Spring Data repository scanning in 639 ms. Found 142 JPA repository interfaces.
13:28:32.127 INFO  [restartedMain] o.s.b.w.e.tomcat.TomcatWebServer - Tomcat initialized with port(s): 8030 (http)
13:28:32.137 INFO  [restartedMain] o.a.coyote.http11.Http11NioProtocol - Initializing ProtocolHandler ["http-nio-127.0.0.1-8030"]
13:28:32.137 INFO  [restartedMain] o.a.catalina.core.StandardService - Starting service [Tomcat]
13:28:32.138 INFO  [restartedMain] o.a.catalina.core.StandardEngine - Starting Servlet engine: [Apache Tomcat/9.0.64]
13:28:32.257 INFO  [restartedMain] o.a.c.c.C.[Tomcat].[localhost].[/] - Initializing Spring embedded WebApplicationContext
13:28:32.283 INFO  [restartedMain] o.s.b.w.s.c.ServletWebServerApplicationContext - Root WebApplicationContext: initialization completed in 3687 ms
13:28:32.495 INFO  [restartedMain] com.zaxxer.hikari.HikariDataSource - HikariPool-1 - Starting...
13:28:32.733 INFO  [restartedMain] com.zaxxer.hikari.HikariDataSource - HikariPool-1 - Start completed.
13:28:32.804 INFO  [restartedMain] o.h.jpa.internal.util.LogHelper - HHH000204: Processing PersistenceUnitInfo [name: default]
13:28:32.862 INFO  [restartedMain] org.hibernate.Version - HHH000412: Hibernate ORM core version 5.6.9.Final
13:28:33.038 INFO  [restartedMain] o.h.annotations.common.Version - HCANN000001: Hibernate Commons Annotations {5.1.2.Final}
13:28:33.753 INFO  [restartedMain] org.hibernate.dialect.Dialect - HHH000400: Using dialect: org.hibernate.dialect.PostgreSQLDialect
13:28:34.569 WARN  [restartedMain] org.hibernate.mapping.RootClass - HHH000038: Composite-id class does not override equals(): mes.domain.entity.approval.TB_AA009_PK
13:28:34.569 WARN  [restartedMain] org.hibernate.mapping.RootClass - HHH000039: Composite-id class does not override hashCode(): mes.domain.entity.approval.TB_AA009_PK
13:28:36.623 INFO  [restartedMain] o.h.e.t.j.p.i.JtaPlatformInitiator - HHH000490: Using JtaPlatform implementation: [org.hibernate.engine.transaction.jta.platform.internal.NoJtaPlatform]
13:28:36.633 INFO  [restartedMain] o.s.o.j.LocalContainerEntityManagerFactoryBean - Initialized JPA EntityManagerFactory for persistence unit 'default'
13:28:43.128 INFO  [restartedMain] o.s.b.a.w.s.WelcomePageHandlerMapping - Adding welcome page template: index
13:28:43.430 INFO  [restartedMain] o.s.s.web.DefaultSecurityFilterChain - Will secure any request with [org.springframework.security.web.session.DisableEncodeUrlFilter@131094ac, org.springframework.security.web.context.request.async.WebAsyncManagerIntegrationFilter@be40889, org.springframework.security.web.context.SecurityContextPersistenceFilter@68744844, org.springframework.security.web.header.HeaderWriterFilter@3793870d, org.springframework.security.web.csrf.CsrfFilter@77b1e313, org.springframework.security.web.authentication.logout.LogoutFilter@45586f41, org.springframework.security.web.authentication.UsernamePasswordAuthenticationFilter@13bd8189, org.springframework.security.web.savedrequest.RequestCacheAwareFilter@4f8708dc, org.springframework.security.web.servletapi.SecurityContextHolderAwareRequestFilter@40c27de5, org.springframework.security.web.authentication.AnonymousAuthenticationFilter@545bdca2, org.springframework.security.web.session.SessionManagementFilter@41c807e8, org.springframework.security.web.access.ExceptionTranslationFilter@587e0efb, org.springframework.security.web.access.intercept.FilterSecurityInterceptor@1a761958]
13:28:43.442 INFO  [restartedMain] o.s.s.web.DefaultSecurityFilterChain - Will secure Or [Ant [pattern='/resource/**'], Ant [pattern='/img/**'], Ant [pattern='/images/**'], Ant [pattern='/js/**'], Ant [pattern='/css/**'], Ant [pattern='/assets_mobile/css/**'], Ant [pattern='/font/**'], Ant [pattern='/robots.txt'], Ant [pattern='/favicon.ico'], Ant [pattern='/intro'], Ant [pattern='/error'], Ant [pattern='/alive'], Ant [pattern='/api/das_device']] with [org.springframework.security.web.context.request.async.WebAsyncManagerIntegrationFilter@755be65c, org.springframework.security.web.header.HeaderWriterFilter@6a3b44e, org.springframework.security.web.csrf.CsrfFilter@4a6c1404, org.springframework.security.web.authentication.logout.LogoutFilter@696eb3d3, org.springframework.security.web.servletapi.SecurityContextHolderAwareRequestFilter@746e927a, org.springframework.security.web.authentication.AnonymousAuthenticationFilter@f989fa6, org.springframework.security.web.access.ExceptionTranslationFilter@10a2dacc, org.springframework.security.web.access.intercept.AuthorizationFilter@29875dbc]
13:28:44.145 INFO  [restartedMain] o.s.b.d.a.OptionalLiveReloadServer - LiveReload server is running on port 35729
13:28:44.228 INFO  [restartedMain] o.a.coyote.http11.Http11NioProtocol - Starting ProtocolHandler ["http-nio-127.0.0.1-8030"]
13:28:44.256 INFO  [restartedMain] o.s.b.w.e.tomcat.TomcatWebServer - Tomcat started on port(s): 8030 (http) with context path ''
13:28:44.268 INFO  [restartedMain] o.s.s.a.ScheduledAnnotationBeanPostProcessor - No TaskScheduler/ScheduledExecutorService bean found for scheduled processing
13:28:44.281 INFO  [restartedMain] mes.MesApplication - Started MesApplication in 16.474 seconds (JVM running for 18.997)
13:28:44.337 INFO  [http-nio-127.0.0.1-8030-exec-2] o.a.c.c.C.[Tomcat].[localhost].[/] - Initializing Spring DispatcherServlet 'dispatcherServlet'
13:28:44.337 INFO  [http-nio-127.0.0.1-8030-exec-2] o.s.web.servlet.DispatcherServlet - Initializing Servlet 'dispatcherServlet'
13:28:44.340 INFO  [http-nio-127.0.0.1-8030-exec-2] o.s.web.servlet.DispatcherServlet - Completed initialization in 2 ms
14:05:00.004 INFO  [pool-1-thread-1] m.app.Scheduler.ScheduledTaskRunner - [스케줄러 시작] 계좌수집 작업 시작 - Thread: pool-1-thread-1
14:05:00.009 INFO  [scheduler1] m.a.S.S.AccountSyncService - [계좌수집] 시작 - Thread: scheduler1
14:05:00.029 INFO  [scheduler1] mes.Encryption.EncryptionKeyProvider - AES Key 파일 처음 로딩합니다...
14:05:00.030 INFO  [scheduler1] mes.Encryption.EncryptionKeyProvider - AES Key 파일 처음 로딩합니다...
14:05:00.030 INFO  [scheduler1] mes.Encryption.EncryptionKeyProvider - AES Key 파일 처음 로딩합니다...
14:05:00.031 INFO  [scheduler1] m.a.S.S.AccountSyncService - 총 계좌 수집 소요 시간 : 0
14:28:45.264 WARN  [http-nio-127.0.0.1-8030-exec-10] o.s.w.s.m.s.DefaultHandlerExceptionResolver - Async request timed out
14:28:45.265 WARN  [http-nio-127.0.0.1-8030-exec-10] o.s.w.s.m.s.DefaultHandlerExceptionResolver - Resolved [org.springframework.web.context.request.async.AsyncRequestTimeoutException]
15:05:00.001 INFO  [pool-1-thread-1] m.app.Scheduler.ScheduledTaskRunner - [스케줄러 시작] 계좌수집 작업 시작 - Thread: pool-1-thread-1
15:05:00.011 INFO  [scheduler2] m.a.S.S.AccountSyncService - [계좌수집] 시작 - Thread: scheduler2
15:05:00.027 INFO  [scheduler2] mes.Encryption.EncryptionKeyProvider - AES Key 파일 처음 로딩합니다...
15:05:00.028 INFO  [scheduler2] mes.Encryption.EncryptionKeyProvider - AES Key 파일 처음 로딩합니다...
15:05:00.028 INFO  [scheduler2] mes.Encryption.EncryptionKeyProvider - AES Key 파일 처음 로딩합니다...
15:05:00.028 INFO  [scheduler2] m.a.S.S.AccountSyncService - 총 계좌 수집 소요 시간 : 0
15:06:42.121 INFO  [SpringApplicationShutdownHook] o.s.o.j.LocalContainerEntityManagerFactoryBean - Closing JPA EntityManagerFactory for persistence unit 'default'
15:06:42.122 INFO  [SpringApplicationShutdownHook] com.zaxxer.hikari.HikariDataSource - HikariPool-1 - Shutdown initiated...
15:06:42.124 INFO  [SpringApplicationShutdownHook] com.zaxxer.hikari.HikariDataSource - HikariPool-1 - Shutdown completed.
15:06:46.391 INFO  [restartedMain] mes.MesApplication - Starting MesApplication using Java 17.0.12 on DESKTOP-JT04F6D with PID 14292 (C:\Users\Act-PC-12\IdeaProjects\haccp\target\classes started by Act-PC-12 in C:\Users\Act-PC-12\IdeaProjects\haccp)
15:06:46.393 INFO  [restartedMain] mes.MesApplication - The following 1 profile is active: "local"
15:06:46.550 INFO  [background-preinit] o.h.validator.internal.util.Version - HV000001: Hibernate Validator 6.2.5.Final
15:06:47.077 INFO  [restartedMain] o.s.b.d.e.DevToolsPropertyDefaultsPostProcessor - Devtools property defaults active! Set 'spring.devtools.add-properties' to 'false' to disable
15:06:47.077 INFO  [restartedMain] o.s.b.d.e.DevToolsPropertyDefaultsPostProcessor - For additional web related logging consider setting the 'logging.level.web' property to 'DEBUG'
15:06:48.931 INFO  [restartedMain] o.s.d.r.c.RepositoryConfigurationDelegate - Multiple Spring Data modules found, entering strict repository configuration mode
15:06:48.932 INFO  [restartedMain] o.s.d.r.c.RepositoryConfigurationDelegate - Bootstrapping Spring Data JPA repositories in DEFAULT mode.
15:06:49.441 INFO  [restartedMain] o.s.d.r.c.RepositoryConfigurationDelegate - Finished Spring Data repository scanning in 501 ms. Found 142 JPA repository interfaces.
15:06:50.988 INFO  [restartedMain] o.s.b.w.e.tomcat.TomcatWebServer - Tomcat initialized with port(s): 8030 (http)
15:06:50.999 INFO  [restartedMain] o.a.coyote.http11.Http11NioProtocol - Initializing ProtocolHandler ["http-nio-127.0.0.1-8030"]
15:06:51.000 INFO  [restartedMain] o.a.catalina.core.StandardService - Starting service [Tomcat]
15:06:51.000 INFO  [restartedMain] o.a.catalina.core.StandardEngine - Starting Servlet engine: [Apache Tomcat/9.0.64]
15:06:51.106 INFO  [restartedMain] o.a.c.c.C.[Tomcat].[localhost].[/] - Initializing Spring embedded WebApplicationContext
15:06:51.106 INFO  [restartedMain] o.s.b.w.s.c.ServletWebServerApplicationContext - Root WebApplicationContext: initialization completed in 4028 ms
15:06:51.242 INFO  [restartedMain] com.zaxxer.hikari.HikariDataSource - HikariPool-1 - Starting...
15:06:51.472 INFO  [restartedMain] com.zaxxer.hikari.HikariDataSource - HikariPool-1 - Start completed.
15:06:51.540 INFO  [restartedMain] o.h.jpa.internal.util.LogHelper - HHH000204: Processing PersistenceUnitInfo [name: default]
15:06:51.595 INFO  [restartedMain] org.hibernate.Version - HHH000412: Hibernate ORM core version 5.6.9.Final
15:06:51.766 INFO  [restartedMain] o.h.annotations.common.Version - HCANN000001: Hibernate Commons Annotations {5.1.2.Final}
15:06:52.399 INFO  [restartedMain] org.hibernate.dialect.Dialect - HHH000400: Using dialect: org.hibernate.dialect.PostgreSQLDialect
15:06:53.045 WARN  [restartedMain] org.hibernate.mapping.RootClass - HHH000038: Composite-id class does not override equals(): mes.domain.entity.approval.TB_AA009_PK
15:06:53.046 WARN  [restartedMain] org.hibernate.mapping.RootClass - HHH000039: Composite-id class does not override hashCode(): mes.domain.entity.approval.TB_AA009_PK
15:06:54.597 INFO  [restartedMain] o.h.e.t.j.p.i.JtaPlatformInitiator - HHH000490: Using JtaPlatform implementation: [org.hibernate.engine.transaction.jta.platform.internal.NoJtaPlatform]
15:06:54.607 INFO  [restartedMain] o.s.o.j.LocalContainerEntityManagerFactoryBean - Initialized JPA EntityManagerFactory for persistence unit 'default'
15:07:01.418 INFO  [restartedMain] o.s.b.a.w.s.WelcomePageHandlerMapping - Adding welcome page template: index
15:07:01.671 INFO  [restartedMain] o.s.s.web.DefaultSecurityFilterChain - Will secure any request with [org.springframework.security.web.session.DisableEncodeUrlFilter@581e70e0, org.springframework.security.web.context.request.async.WebAsyncManagerIntegrationFilter@559c379e, org.springframework.security.web.context.SecurityContextPersistenceFilter@73921ac7, org.springframework.security.web.header.HeaderWriterFilter@283a776b, org.springframework.security.web.csrf.CsrfFilter@5242fd92, org.springframework.security.web.authentication.logout.LogoutFilter@1e140595, org.springframework.security.web.authentication.UsernamePasswordAuthenticationFilter@845318d, org.springframework.security.web.savedrequest.RequestCacheAwareFilter@1b6073ea, org.springframework.security.web.servletapi.SecurityContextHolderAwareRequestFilter@3049ff61, org.springframework.security.web.authentication.AnonymousAuthenticationFilter@1c4dd9e2, org.springframework.security.web.session.SessionManagementFilter@1fbe5217, org.springframework.security.web.access.ExceptionTranslationFilter@7a3524be, org.springframework.security.web.access.intercept.FilterSecurityInterceptor@36923042]
15:07:01.681 INFO  [restartedMain] o.s.s.web.DefaultSecurityFilterChain - Will secure Or [Ant [pattern='/resource/**'], Ant [pattern='/img/**'], Ant [pattern='/images/**'], Ant [pattern='/js/**'], Ant [pattern='/css/**'], Ant [pattern='/assets_mobile/css/**'], Ant [pattern='/font/**'], Ant [pattern='/robots.txt'], Ant [pattern='/favicon.ico'], Ant [pattern='/intro'], Ant [pattern='/error'], Ant [pattern='/alive'], Ant [pattern='/api/das_device']] with [org.springframework.security.web.context.request.async.WebAsyncManagerIntegrationFilter@75cae0fd, org.springframework.security.web.header.HeaderWriterFilter@34e1ee38, org.springframework.security.web.csrf.CsrfFilter@78dce093, org.springframework.security.web.authentication.logout.LogoutFilter@3f3a378, org.springframework.security.web.servletapi.SecurityContextHolderAwareRequestFilter@21f9744b, org.springframework.security.web.authentication.AnonymousAuthenticationFilter@1c1a9690, org.springframework.security.web.access.ExceptionTranslationFilter@77d81a8c, org.springframework.security.web.access.intercept.AuthorizationFilter@25b97c3e]
15:07:02.206 INFO  [restartedMain] o.s.b.d.a.OptionalLiveReloadServer - LiveReload server is running on port 35729
15:07:02.268 INFO  [restartedMain] o.a.coyote.http11.Http11NioProtocol - Starting ProtocolHandler ["http-nio-127.0.0.1-8030"]
15:07:02.289 INFO  [restartedMain] o.s.b.w.e.tomcat.TomcatWebServer - Tomcat started on port(s): 8030 (http) with context path ''
15:07:02.299 INFO  [restartedMain] o.s.s.a.ScheduledAnnotationBeanPostProcessor - No TaskScheduler/ScheduledExecutorService bean found for scheduled processing
15:07:02.310 INFO  [restartedMain] mes.MesApplication - Started MesApplication in 16.808 seconds (JVM running for 19.368)
15:07:05.294 INFO  [http-nio-127.0.0.1-8030-exec-1] o.a.c.c.C.[Tomcat].[localhost].[/] - Initializing Spring DispatcherServlet 'dispatcherServlet'
15:07:05.294 INFO  [http-nio-127.0.0.1-8030-exec-1] o.s.web.servlet.DispatcherServlet - Initializing Servlet 'dispatcherServlet'
15:07:05.298 INFO  [http-nio-127.0.0.1-8030-exec-1] o.s.web.servlet.DispatcherServlet - Completed initialization in 4 ms
15:14:23.707 INFO  [SpringApplicationShutdownHook] o.s.o.j.LocalContainerEntityManagerFactoryBean - Closing JPA EntityManagerFactory for persistence unit 'default'
15:14:23.707 INFO  [SpringApplicationShutdownHook] com.zaxxer.hikari.HikariDataSource - HikariPool-1 - Shutdown initiated...
15:14:23.711 INFO  [SpringApplicationShutdownHook] com.zaxxer.hikari.HikariDataSource - HikariPool-1 - Shutdown completed.
15:14:28.301 INFO  [background-preinit] o.h.validator.internal.util.Version - HV000001: Hibernate Validator 6.2.5.Final
15:14:28.309 INFO  [restartedMain] mes.MesApplication - Starting MesApplication using Java 17.0.12 on DESKTOP-JT04F6D with PID 22080 (C:\Users\Act-PC-12\IdeaProjects\haccp\target\classes started by Act-PC-12 in C:\Users\Act-PC-12\IdeaProjects\haccp)
15:14:28.310 INFO  [restartedMain] mes.MesApplication - The following 1 profile is active: "local"
15:14:28.710 INFO  [restartedMain] o.s.b.d.e.DevToolsPropertyDefaultsPostProcessor - Devtools property defaults active! Set 'spring.devtools.add-properties' to 'false' to disable
15:14:28.710 INFO  [restartedMain] o.s.b.d.e.DevToolsPropertyDefaultsPostProcessor - For additional web related logging consider setting the 'logging.level.web' property to 'DEBUG'
15:14:30.053 INFO  [restartedMain] o.s.d.r.c.RepositoryConfigurationDelegate - Multiple Spring Data modules found, entering strict repository configuration mode
15:14:30.053 INFO  [restartedMain] o.s.d.r.c.RepositoryConfigurationDelegate - Bootstrapping Spring Data JPA repositories in DEFAULT mode.
15:14:30.503 INFO  [restartedMain] o.s.d.r.c.RepositoryConfigurationDelegate - Finished Spring Data repository scanning in 440 ms. Found 142 JPA repository interfaces.
15:14:31.884 INFO  [restartedMain] o.s.b.w.e.tomcat.TomcatWebServer - Tomcat initialized with port(s): 8030 (http)
15:14:31.894 INFO  [restartedMain] o.a.coyote.http11.Http11NioProtocol - Initializing ProtocolHandler ["http-nio-127.0.0.1-8030"]
15:14:31.895 INFO  [restartedMain] o.a.catalina.core.StandardService - Starting service [Tomcat]
15:14:31.895 INFO  [restartedMain] o.a.catalina.core.StandardEngine - Starting Servlet engine: [Apache Tomcat/9.0.64]
15:14:32.000 INFO  [restartedMain] o.a.c.c.C.[Tomcat].[localhost].[/] - Initializing Spring embedded WebApplicationContext
15:14:32.000 INFO  [restartedMain] o.s.b.w.s.c.ServletWebServerApplicationContext - Root WebApplicationContext: initialization completed in 3289 ms
15:14:32.134 INFO  [restartedMain] com.zaxxer.hikari.HikariDataSource - HikariPool-1 - Starting...
15:14:32.366 INFO  [restartedMain] com.zaxxer.hikari.HikariDataSource - HikariPool-1 - Start completed.
15:14:32.446 INFO  [restartedMain] o.h.jpa.internal.util.LogHelper - HHH000204: Processing PersistenceUnitInfo [name: default]
15:14:32.513 INFO  [restartedMain] org.hibernate.Version - HHH000412: Hibernate ORM core version 5.6.9.Final
15:14:32.669 INFO  [restartedMain] o.h.annotations.common.Version - HCANN000001: Hibernate Commons Annotations {5.1.2.Final}
15:14:33.392 INFO  [restartedMain] org.hibernate.dialect.Dialect - HHH000400: Using dialect: org.hibernate.dialect.PostgreSQLDialect
15:14:34.155 WARN  [restartedMain] org.hibernate.mapping.RootClass - HHH000038: Composite-id class does not override equals(): mes.domain.entity.approval.TB_AA009_PK
15:14:34.156 WARN  [restartedMain] org.hibernate.mapping.RootClass - HHH000039: Composite-id class does not override hashCode(): mes.domain.entity.approval.TB_AA009_PK
15:14:35.854 INFO  [restartedMain] o.h.e.t.j.p.i.JtaPlatformInitiator - HHH000490: Using JtaPlatform implementation: [org.hibernate.engine.transaction.jta.platform.internal.NoJtaPlatform]
15:14:35.865 INFO  [restartedMain] o.s.o.j.LocalContainerEntityManagerFactoryBean - Initialized JPA EntityManagerFactory for persistence unit 'default'
15:14:42.340 INFO  [restartedMain] o.s.b.a.w.s.WelcomePageHandlerMapping - Adding welcome page template: index
15:14:42.588 INFO  [restartedMain] o.s.s.web.DefaultSecurityFilterChain - Will secure any request with [org.springframework.security.web.session.DisableEncodeUrlFilter@42ce8932, org.springframework.security.web.context.request.async.WebAsyncManagerIntegrationFilter@6cbde963, org.springframework.security.web.context.SecurityContextPersistenceFilter@53eca9f7, org.springframework.security.web.header.HeaderWriterFilter@78f3c683, org.springframework.security.web.csrf.CsrfFilter@538457, org.springframework.security.web.authentication.logout.LogoutFilter@1c270df3, org.springframework.security.web.authentication.UsernamePasswordAuthenticationFilter@2cab513c, org.springframework.security.web.savedrequest.RequestCacheAwareFilter@7a3e8e2, org.springframework.security.web.servletapi.SecurityContextHolderAwareRequestFilter@47f206b0, org.springframework.security.web.authentication.AnonymousAuthenticationFilter@53b6860a, org.springframework.security.web.session.SessionManagementFilter@12bd0479, org.springframework.security.web.access.ExceptionTranslationFilter@1f9cfbc5, org.springframework.security.web.access.intercept.FilterSecurityInterceptor@1d219f23]
15:14:42.599 INFO  [restartedMain] o.s.s.web.DefaultSecurityFilterChain - Will secure Or [Ant [pattern='/resource/**'], Ant [pattern='/img/**'], Ant [pattern='/images/**'], Ant [pattern='/js/**'], Ant [pattern='/css/**'], Ant [pattern='/assets_mobile/css/**'], Ant [pattern='/font/**'], Ant [pattern='/robots.txt'], Ant [pattern='/favicon.ico'], Ant [pattern='/intro'], Ant [pattern='/error'], Ant [pattern='/alive'], Ant [pattern='/api/das_device']] with [org.springframework.security.web.context.request.async.WebAsyncManagerIntegrationFilter@5e71dbb9, org.springframework.security.web.header.HeaderWriterFilter@69995181, org.springframework.security.web.csrf.CsrfFilter@129a89d9, org.springframework.security.web.authentication.logout.LogoutFilter@3fae3d7b, org.springframework.security.web.servletapi.SecurityContextHolderAwareRequestFilter@6d192d92, org.springframework.security.web.authentication.AnonymousAuthenticationFilter@5ee46581, org.springframework.security.web.access.ExceptionTranslationFilter@1db21aa5, org.springframework.security.web.access.intercept.AuthorizationFilter@2ae61def]
15:14:43.100 INFO  [restartedMain] o.s.b.d.a.OptionalLiveReloadServer - LiveReload server is running on port 35729
15:14:43.166 INFO  [restartedMain] o.a.coyote.http11.Http11NioProtocol - Starting ProtocolHandler ["http-nio-127.0.0.1-8030"]
15:14:43.188 INFO  [restartedMain] o.s.b.w.e.tomcat.TomcatWebServer - Tomcat started on port(s): 8030 (http) with context path ''
15:14:43.197 INFO  [restartedMain] o.s.s.a.ScheduledAnnotationBeanPostProcessor - No TaskScheduler/ScheduledExecutorService bean found for scheduled processing
15:14:43.208 INFO  [restartedMain] mes.MesApplication - Started MesApplication in 15.629 seconds (JVM running for 18.363)
15:14:45.199 INFO  [http-nio-127.0.0.1-8030-exec-1] o.a.c.c.C.[Tomcat].[localhost].[/] - Initializing Spring DispatcherServlet 'dispatcherServlet'
15:14:45.199 INFO  [http-nio-127.0.0.1-8030-exec-1] o.s.web.servlet.DispatcherServlet - Initializing Servlet 'dispatcherServlet'
15:14:45.202 INFO  [http-nio-127.0.0.1-8030-exec-1] o.s.web.servlet.DispatcherServlet - Completed initialization in 3 ms
16:05:00.012 INFO  [pool-1-thread-1] m.app.Scheduler.ScheduledTaskRunner - [스케줄러 시작] 계좌수집 작업 시작 - Thread: pool-1-thread-1
16:05:00.014 INFO  [scheduler1] m.a.S.S.AccountSyncService - [계좌수집] 시작 - Thread: scheduler1
16:05:00.032 INFO  [scheduler1] mes.Encryption.EncryptionKeyProvider - AES Key 파일 처음 로딩합니다...
16:05:00.033 INFO  [scheduler1] mes.Encryption.EncryptionKeyProvider - AES Key 파일 처음 로딩합니다...
16:05:00.033 INFO  [scheduler1] mes.Encryption.EncryptionKeyProvider - AES Key 파일 처음 로딩합니다...
16:05:00.034 INFO  [scheduler1] m.a.S.S.AccountSyncService - 총 계좌 수집 소요 시간 : 0
16:14:46.198 WARN  [http-nio-127.0.0.1-8030-exec-8] o.s.w.s.m.s.DefaultHandlerExceptionResolver - Async request timed out
16:14:46.198 WARN  [http-nio-127.0.0.1-8030-exec-8] o.s.w.s.m.s.DefaultHandlerExceptionResolver - Resolved [org.springframework.web.context.request.async.AsyncRequestTimeoutException]
16:18:59.201 WARN  [http-nio-127.0.0.1-8030-exec-5] o.s.w.s.m.s.DefaultHandlerExceptionResolver - Async request timed out
16:18:59.201 WARN  [http-nio-127.0.0.1-8030-exec-5] o.s.w.s.m.s.DefaultHandlerExceptionResolver - Resolved [org.springframework.web.context.request.async.AsyncRequestTimeoutException]
16:36:45.703 INFO  [SpringApplicationShutdownHook] o.s.o.j.LocalContainerEntityManagerFactoryBean - Closing JPA EntityManagerFactory for persistence unit 'default'
16:36:45.704 INFO  [SpringApplicationShutdownHook] com.zaxxer.hikari.HikariDataSource - HikariPool-1 - Shutdown initiated...
16:36:45.706 INFO  [SpringApplicationShutdownHook] com.zaxxer.hikari.HikariDataSource - HikariPool-1 - Shutdown completed.
16:36:50.772 INFO  [background-preinit] o.h.validator.internal.util.Version - HV000001: Hibernate Validator 6.2.5.Final
16:36:50.781 INFO  [restartedMain] mes.MesApplication - Starting MesApplication using Java 17.0.12 on DESKTOP-JT04F6D with PID 30508 (C:\Users\Act-PC-12\IdeaProjects\haccp\target\classes started by Act-PC-12 in C:\Users\Act-PC-12\IdeaProjects\haccp)
16:36:50.782 INFO  [restartedMain] mes.MesApplication - The following 1 profile is active: "local"
16:36:51.062 INFO  [restartedMain] o.s.b.d.e.DevToolsPropertyDefaultsPostProcessor - Devtools property defaults active! Set 'spring.devtools.add-properties' to 'false' to disable
16:36:51.062 INFO  [restartedMain] o.s.b.d.e.DevToolsPropertyDefaultsPostProcessor - For additional web related logging consider setting the 'logging.level.web' property to 'DEBUG'
16:36:52.197 INFO  [restartedMain] o.s.d.r.c.RepositoryConfigurationDelegate - Multiple Spring Data modules found, entering strict repository configuration mode
16:36:52.197 INFO  [restartedMain] o.s.d.r.c.RepositoryConfigurationDelegate - Bootstrapping Spring Data JPA repositories in DEFAULT mode.
16:36:52.640 INFO  [restartedMain] o.s.d.r.c.RepositoryConfigurationDelegate - Finished Spring Data repository scanning in 434 ms. Found 142 JPA repository interfaces.
16:36:54.063 INFO  [restartedMain] o.s.b.w.e.tomcat.TomcatWebServer - Tomcat initialized with port(s): 8030 (http)
16:36:54.073 INFO  [restartedMain] o.a.coyote.http11.Http11NioProtocol - Initializing ProtocolHandler ["http-nio-127.0.0.1-8030"]
16:36:54.074 INFO  [restartedMain] o.a.catalina.core.StandardService - Starting service [Tomcat]
16:36:54.074 INFO  [restartedMain] o.a.catalina.core.StandardEngine - Starting Servlet engine: [Apache Tomcat/9.0.64]
16:36:54.178 INFO  [restartedMain] o.a.c.c.C.[Tomcat].[localhost].[/] - Initializing Spring embedded WebApplicationContext
16:36:54.178 INFO  [restartedMain] o.s.b.w.s.c.ServletWebServerApplicationContext - Root WebApplicationContext: initialization completed in 3115 ms
16:36:54.318 INFO  [restartedMain] com.zaxxer.hikari.HikariDataSource - HikariPool-1 - Starting...
16:36:54.574 INFO  [restartedMain] com.zaxxer.hikari.HikariDataSource - HikariPool-1 - Start completed.
16:36:54.644 INFO  [restartedMain] o.h.jpa.internal.util.LogHelper - HHH000204: Processing PersistenceUnitInfo [name: default]
16:36:54.708 INFO  [restartedMain] org.hibernate.Version - HHH000412: Hibernate ORM core version 5.6.9.Final
16:36:54.884 INFO  [restartedMain] o.h.annotations.common.Version - HCANN000001: Hibernate Commons Annotations {5.1.2.Final}
16:36:55.622 INFO  [restartedMain] org.hibernate.dialect.Dialect - HHH000400: Using dialect: org.hibernate.dialect.PostgreSQLDialect
16:36:56.336 WARN  [restartedMain] org.hibernate.mapping.RootClass - HHH000038: Composite-id class does not override equals(): mes.domain.entity.approval.TB_AA009_PK
16:36:56.337 WARN  [restartedMain] org.hibernate.mapping.RootClass - HHH000039: Composite-id class does not override hashCode(): mes.domain.entity.approval.TB_AA009_PK
16:36:57.834 INFO  [restartedMain] o.h.e.t.j.p.i.JtaPlatformInitiator - HHH000490: Using JtaPlatform implementation: [org.hibernate.engine.transaction.jta.platform.internal.NoJtaPlatform]
16:36:57.843 INFO  [restartedMain] o.s.o.j.LocalContainerEntityManagerFactoryBean - Initialized JPA EntityManagerFactory for persistence unit 'default'
16:37:04.134 INFO  [restartedMain] o.s.b.a.w.s.WelcomePageHandlerMapping - Adding welcome page template: index
16:37:04.373 INFO  [restartedMain] o.s.s.web.DefaultSecurityFilterChain - Will secure any request with [org.springframework.security.web.session.DisableEncodeUrlFilter@110013c, org.springframework.security.web.context.request.async.WebAsyncManagerIntegrationFilter@47100994, org.springframework.security.web.context.SecurityContextPersistenceFilter@5e244bc1, org.springframework.security.web.header.HeaderWriterFilter@58c8b1d2, org.springframework.security.web.csrf.CsrfFilter@40a0fe, org.springframework.security.web.authentication.logout.LogoutFilter@d0ecb3a, org.springframework.security.web.authentication.UsernamePasswordAuthenticationFilter@6442f925, org.springframework.security.web.savedrequest.RequestCacheAwareFilter@3b3cb74c, org.springframework.security.web.servletapi.SecurityContextHolderAwareRequestFilter@519de61f, org.springframework.security.web.authentication.AnonymousAuthenticationFilter@5c1aeaf2, org.springframework.security.web.session.SessionManagementFilter@4681f657, org.springframework.security.web.access.ExceptionTranslationFilter@418b0ac0, org.springframework.security.web.access.intercept.FilterSecurityInterceptor@130dc062]
16:37:04.384 INFO  [restartedMain] o.s.s.web.DefaultSecurityFilterChain - Will secure Or [Ant [pattern='/resource/**'], Ant [pattern='/img/**'], Ant [pattern='/images/**'], Ant [pattern='/js/**'], Ant [pattern='/css/**'], Ant [pattern='/assets_mobile/css/**'], Ant [pattern='/font/**'], Ant [pattern='/robots.txt'], Ant [pattern='/favicon.ico'], Ant [pattern='/intro'], Ant [pattern='/error'], Ant [pattern='/alive'], Ant [pattern='/api/das_device']] with [org.springframework.security.web.context.request.async.WebAsyncManagerIntegrationFilter@7fa1d7d8, org.springframework.security.web.header.HeaderWriterFilter@66a14d60, org.springframework.security.web.csrf.CsrfFilter@24c2de55, org.springframework.security.web.authentication.logout.LogoutFilter@46da0d6, org.springframework.security.web.servletapi.SecurityContextHolderAwareRequestFilter@24cab920, org.springframework.security.web.authentication.AnonymousAuthenticationFilter@86c9905, org.springframework.security.web.access.ExceptionTranslationFilter@6da9bb8, org.springframework.security.web.access.intercept.AuthorizationFilter@364ddc3e]
16:37:04.883 INFO  [restartedMain] o.s.b.d.a.OptionalLiveReloadServer - LiveReload server is running on port 35729
16:37:04.942 INFO  [restartedMain] o.a.coyote.http11.Http11NioProtocol - Starting ProtocolHandler ["http-nio-127.0.0.1-8030"]
16:37:04.962 INFO  [restartedMain] o.s.b.w.e.tomcat.TomcatWebServer - Tomcat started on port(s): 8030 (http) with context path ''
16:37:04.971 INFO  [restartedMain] o.s.s.a.ScheduledAnnotationBeanPostProcessor - No TaskScheduler/ScheduledExecutorService bean found for scheduled processing
16:37:04.982 INFO  [restartedMain] mes.MesApplication - Started MesApplication in 14.847 seconds (JVM running for 18.339)
16:37:07.185 INFO  [http-nio-127.0.0.1-8030-exec-1] o.a.c.c.C.[Tomcat].[localhost].[/] - Initializing Spring DispatcherServlet 'dispatcherServlet'
16:37:07.185 INFO  [http-nio-127.0.0.1-8030-exec-1] o.s.web.servlet.DispatcherServlet - Initializing Servlet 'dispatcherServlet'
16:37:07.188 INFO  [http-nio-127.0.0.1-8030-exec-1] o.s.web.servlet.DispatcherServlet - Completed initialization in 3 ms
16:54:22.828 INFO  [http-nio-127.0.0.1-8030-exec-3] o.a.coyote.http11.Http11Processor - Error parsing HTTP request header
 Note: further occurrences of HTTP request parsing errors will be logged at DEBUG level.
java.lang.IllegalArgumentException: Invalid character found in method name [0x160x030x010x070x120x010x000x070x0e0x030x030x8f0x9dO-0xf20x9e?T?0x1660xbc3V0x0aj0xdb0x900xca60x8b0x830xf8gQ0xa70x120xfe0xa90x89)0xaf ]. HTTP method names must be tokens
	at org.apache.coyote.http11.Http11InputBuffer.parseRequestLine(Http11InputBuffer.java:419)
	at org.apache.coyote.http11.Http11Processor.service(Http11Processor.java:271)
	at org.apache.coyote.AbstractProcessorLight.process(AbstractProcessorLight.java:65)
	at org.apache.coyote.AbstractProtocol$ConnectionHandler.process(AbstractProtocol.java:890)
	at org.apache.tomcat.util.net.NioEndpoint$SocketProcessor.doRun(NioEndpoint.java:1787)
	at org.apache.tomcat.util.net.SocketProcessorBase.run(SocketProcessorBase.java:49)
	at org.apache.tomcat.util.threads.ThreadPoolExecutor.runWorker(ThreadPoolExecutor.java:1191)
	at org.apache.tomcat.util.threads.ThreadPoolExecutor$Worker.run(ThreadPoolExecutor.java:659)
	at org.apache.tomcat.util.threads.TaskThread$WrappingRunnable.run(TaskThread.java:61)
	at java.base/java.lang.Thread.run(Thread.java:840)
16:54:23.143 INFO  [http-nio-127.0.0.1-8030-exec-8] o.a.coyote.http11.Http11Processor - Error parsing HTTP request header
 Note: further occurrences of HTTP request parsing errors will be logged at DEBUG level.
java.lang.IllegalArgumentException: Invalid character found in method name [0x160x030x010x060xb20x010x000x060xae0x030x030x800x0c0xf1vS0xce]S0x1d50xfa~0xf91Xb0x1b0x970xad0xab0x980x1d0x0db0x03+\)~+_0xcd ]. HTTP method names must be tokens
	at org.apache.coyote.http11.Http11InputBuffer.parseRequestLine(Http11InputBuffer.java:419)
	at org.apache.coyote.http11.Http11Processor.service(Http11Processor.java:271)
	at org.apache.coyote.AbstractProcessorLight.process(AbstractProcessorLight.java:65)
	at org.apache.coyote.AbstractProtocol$ConnectionHandler.process(AbstractProtocol.java:890)
	at org.apache.tomcat.util.net.NioEndpoint$SocketProcessor.doRun(NioEndpoint.java:1787)
	at org.apache.tomcat.util.net.SocketProcessorBase.run(SocketProcessorBase.java:49)
	at org.apache.tomcat.util.threads.ThreadPoolExecutor.runWorker(ThreadPoolExecutor.java:1191)
	at org.apache.tomcat.util.threads.ThreadPoolExecutor$Worker.run(ThreadPoolExecutor.java:659)
	at org.apache.tomcat.util.threads.TaskThread$WrappingRunnable.run(TaskThread.java:61)
	at java.base/java.lang.Thread.run(Thread.java:840)
17:05:00.021 INFO  [pool-1-thread-1] m.app.Scheduler.ScheduledTaskRunner - [스케줄러 시작] 계좌수집 작업 시작 - Thread: pool-1-thread-1
17:05:00.031 INFO  [scheduler1] m.a.S.S.AccountSyncService - [계좌수집] 시작 - Thread: scheduler1
17:05:00.045 INFO  [scheduler1] mes.Encryption.EncryptionKeyProvider - AES Key 파일 처음 로딩합니다...
17:05:00.046 INFO  [scheduler1] mes.Encryption.EncryptionKeyProvider - AES Key 파일 처음 로딩합니다...
17:05:00.046 INFO  [scheduler1] mes.Encryption.EncryptionKeyProvider - AES Key 파일 처음 로딩합니다...
17:05:00.047 INFO  [scheduler1] m.a.S.S.AccountSyncService - 총 계좌 수집 소요 시간 : 0
17:37:07.993 WARN  [http-nio-127.0.0.1-8030-exec-5] o.s.w.s.m.s.DefaultHandlerExceptionResolver - Async request timed out
17:37:07.993 WARN  [http-nio-127.0.0.1-8030-exec-5] o.s.w.s.m.s.DefaultHandlerExceptionResolver - Resolved [org.springframework.web.context.request.async.AsyncRequestTimeoutException]
18:03:46.625 INFO  [SpringApplicationShutdownHook] o.s.o.j.LocalContainerEntityManagerFactoryBean - Closing JPA EntityManagerFactory for persistence unit 'default'
18:03:46.626 INFO  [SpringApplicationShutdownHook] com.zaxxer.hikari.HikariDataSource - HikariPool-1 - Shutdown initiated...
18:03:46.628 INFO  [SpringApplicationShutdownHook] com.zaxxer.hikari.HikariDataSource - HikariPool-1 - Shutdown completed.
